/*C3*/SET SCHEMA PUBLIC
CONNECT USER SA
SET WRITE_DELAY 0
/*C4*/SET SCHEMA PUBLIC
CONNECT USER SA
SET WRITE_DELAY 0
DISCONNECT
/*C5*/SET SCHEMA PUBLIC
CONNECT USER SA
SET WRITE_DELAY 0
DISCONNECT
/*C6*/SET SCHEMA PUBLIC
CONNECT USER SA
SET WRITE_DELAY 0
/*C7*/SET SCHEMA PUBLIC
CONNECT USER SA
SET WRITE_DELAY 0
/*C8*/SET SCHEMA PUBLIC
CONNECT USER SA
SET WRITE_DELAY 0
/*C9*/SET SCHEMA PUBLIC
CONNECT USER SA
SET WRITE_DELAY 0
/*C10*/SET SCHEMA PUBLIC
CONNECT USER SA
SET WRITE_DELAY 0
/*C11*/SET SCHEMA PUBLIC
CONNECT USER SA
SET WRITE_DELAY 0
DISCONNECT
/*C6*/DISCONNECT
/*C7*/DISCONNECT
/*C8*/DISCONNECT
/*C9*/DISCONNECT
/*C10*/DISCONNECT
/*C12*/SET SCHEMA PUBLIC
CONNECT USER SA
SET WRITE_DELAY 0
/*C13*/SET SCHEMA PUBLIC
CONNECT USER SA
SET WRITE_DELAY 0
/*C14*/SET SCHEMA PUBLIC
CONNECT USER SA
SET WRITE_DELAY 0
/*C12*/DISCONNECT
/*C14*/DISCONNECT
/*C13*/DISCONNECT
/*C15*/SET SCHEMA PUBLIC
CONNECT USER SA
SET WRITE_DELAY 0
/*C16*/SET SCHEMA PUBLIC
CONNECT USER SA
SET WRITE_DELAY 0
/*C15*/DISCONNECT
/*C16*/DISCONNECT
/*C17*/SET SCHEMA PUBLIC
CONNECT USER SA
SET WRITE_DELAY 0
/*C18*/SET SCHEMA PUBLIC
CONNECT USER SA
SET WRITE_DELAY 0
DISCONNECT
/*C17*/DISCONNECT
/*C19*/SET SCHEMA PUBLIC
CONNECT USER SA
SET WRITE_DELAY 0
/*C20*/SET SCHEMA PUBLIC
CONNECT USER SA
SET WRITE_DELAY 0
DISCONNECT
/*C19*/DISCONNECT
/*C21*/SET SCHEMA PUBLIC
CONNECT USER SA
SET WRITE_DELAY 0
/*C22*/SET SCHEMA PUBLIC
CONNECT USER SA
SET WRITE_DELAY 0
DISCONNECT
/*C21*/DISCONNECT
/*C23*/SET SCHEMA PUBLIC
CONNECT USER SA
SET WRITE_DELAY 0
/*C24*/SET SCHEMA PUBLIC
CONNECT USER SA
SET WRITE_DELAY 0
/*C23*/DISCONNECT
/*C24*/DISCONNECT
/*C25*/SET SCHEMA PUBLIC
CONNECT USER SA
SET WRITE_DELAY 0
/*C26*/SET SCHEMA PUBLIC
CONNECT USER SA
SET WRITE_DELAY 0
DISCONNECT
/*C25*/DISCONNECT
/*C27*/SET SCHEMA PUBLIC
CONNECT USER SA
SET WRITE_DELAY 0
/*C28*/SET SCHEMA PUBLIC
CONNECT USER SA
SET WRITE_DELAY 0
DISCONNECT
/*C27*/DISCONNECT
/*C29*/SET SCHEMA PUBLIC
CONNECT USER SA
SET WRITE_DELAY 0
DISCONNECT
/*C30*/SET SCHEMA PUBLIC
CONNECT USER SA
SET WRITE_DELAY 0
DISCONNECT
